<?xml version="1.0" encoding="UTF-8"?>
<!-- Generated by org.testng.reporters.JUnitXMLReporter -->
<testsuite ignored="0" hostname="DESKTOP-1UR8HFJ" failures="1" tests="1" name="Test(failed)" time="19.688" errors="0" timestamp="2024-03-20T02:05:55 PDT">
  <testcase classname="testCases.TC_002_LoginFunctionalityTest" name="verify_loginDDT" time="11.526">
    <failure type="java.lang.AssertionError" message="expected [true] but found [false]">
      <![CDATA[java.lang.AssertionError: expected [true] but found [false]
at testCases.TC_002_LoginFunctionalityTest.verify_loginDDT(TC_002_LoginFunctionalityTest.java:43)
at java.base/java.util.ArrayList.forEach(ArrayList.java:1511)
... Removed 31 stack frames]]>
    </failure>
  </testcase> <!-- verify_loginDDT -->
</testsuite> <!-- Test(failed) -->
